<?xml version="1.0" encoding="UTF-8"?>
<!-- Generated by org.testng.reporters.JUnitXMLReporter -->
<testsuite hostname="Jagadishs-MacBook-Pro.local" ignored="1" name="Default test" tests="1" failures="0" timestamp="12 Aug 2017 07:38:55 GMT" time="13.541" errors="0">
  <testcase name="inVlaidLogin" time="2.076" classname="GitHubLogin.GitHubLogin.GitHubLoginTest"/>
  <testcase name="validLogin" time="0.0" classname="GitHubLogin.GitHubLogin.GitHubLoginTest">
    <ignored/>
  </testcase> <!-- validLogin -->
</testsuite> <!-- Default test -->
